[2026-03-03 18:40:14] START en_US batch
[2026-03-03 18:40:16] Found 26 en_US voices
[2026-03-03 18:40:16] DOWNLOAD en_US-amy-low
[2026-03-03 18:40:20] DOWNLOAD_OUT en_US-amy-low: rc=0 len=40
[2026-03-03 18:40:20] SYNTH en_US-amy-low using en_US-amy-low.onnx
[2026-03-03 18:40:25] SYNTH_OUT en_US-amy-low: rc=0 len=0
[2026-03-03 18:40:25] DOWNLOAD en_US-amy-medium
[2026-03-03 18:40:30] DOWNLOAD_OUT en_US-amy-medium: rc=0 len=43
[2026-03-03 18:40:30] SYNTH en_US-amy-medium using en_US-amy-medium.onnx
[2026-03-03 18:40:36] SYNTH_OUT en_US-amy-medium: rc=0 len=0
[2026-03-03 18:40:36] DOWNLOAD en_US-arctic-medium
[2026-03-03 18:40:41] DOWNLOAD_OUT en_US-arctic-medium: rc=0 len=46
[2026-03-03 18:40:41] SYNTH en_US-arctic-medium using en_US-arctic-medium.onnx
[2026-03-03 18:40:50] SYNTH_OUT en_US-arctic-medium: rc=0 len=0
[2026-03-03 18:40:51] DOWNLOAD en_US-bryce-medium
[2026-03-03 18:40:56] DOWNLOAD_OUT en_US-bryce-medium: rc=0 len=45
[2026-03-03 18:40:56] SYNTH en_US-bryce-medium using en_US-bryce-medium.onnx
[2026-03-03 18:41:09] SYNTH_OUT en_US-bryce-medium: rc=0 len=0
[2026-03-03 18:41:10] DOWNLOAD en_US-danny-low
[2026-03-03 18:41:14] DOWNLOAD_OUT en_US-danny-low: rc=0 len=42
[2026-03-03 18:41:14] SYNTH en_US-danny-low using en_US-danny-low.onnx
[2026-03-03 18:41:20] SYNTH_OUT en_US-danny-low: rc=0 len=0
[2026-03-03 18:41:20] DOWNLOAD en_US-hfc_female-medium
[2026-03-03 18:41:25] DOWNLOAD_OUT en_US-hfc_female-medium: rc=0 len=50
[2026-03-03 18:41:25] SYNTH en_US-hfc_female-medium using en_US-hfc_female-medium.onnx
[2026-03-03 18:41:31] SYNTH_OUT en_US-hfc_female-medium: rc=0 len=0
[2026-03-03 18:41:32] DOWNLOAD en_US-hfc_male-medium
[2026-03-03 18:41:36] DOWNLOAD_OUT en_US-hfc_male-medium: rc=0 len=48
[2026-03-03 18:41:36] SYNTH en_US-hfc_male-medium using en_US-hfc_male-medium.onnx
[2026-03-03 18:41:43] SYNTH_OUT en_US-hfc_male-medium: rc=0 len=0
[2026-03-03 18:41:44] DOWNLOAD en_US-joe-medium
[2026-03-03 18:41:49] DOWNLOAD_OUT en_US-joe-medium: rc=0 len=43
[2026-03-03 18:41:49] SYNTH en_US-joe-medium using en_US-joe-medium.onnx
[2026-03-03 18:41:53] SYNTH_OUT en_US-joe-medium: rc=0 len=0
[2026-03-03 18:41:54] DOWNLOAD en_US-john-medium
[2026-03-03 18:42:00] DOWNLOAD_OUT en_US-john-medium: rc=0 len=44
[2026-03-03 18:42:00] SYNTH en_US-john-medium using en_US-john-medium.onnx
[2026-03-03 18:42:05] SYNTH_OUT en_US-john-medium: rc=0 len=0
[2026-03-03 18:42:06] DOWNLOAD en_US-kathleen-low
[2026-03-03 18:42:11] DOWNLOAD_OUT en_US-kathleen-low: rc=0 len=45
[2026-03-03 18:42:11] SYNTH en_US-kathleen-low using en_US-kathleen-low.onnx
[2026-03-03 18:42:19] SYNTH_OUT en_US-kathleen-low: rc=0 len=0
[2026-03-03 18:42:20] DOWNLOAD en_US-kristin-medium
[2026-03-03 18:42:28] DOWNLOAD_OUT en_US-kristin-medium: rc=0 len=47
[2026-03-03 18:42:28] SYNTH en_US-kristin-medium using en_US-kristin-medium.onnx
[2026-03-03 18:42:33] SYNTH_OUT en_US-kristin-medium: rc=0 len=0
[2026-03-03 18:42:34] DOWNLOAD en_US-kusal-medium
[2026-03-03 18:42:39] DOWNLOAD_OUT en_US-kusal-medium: rc=0 len=45
[2026-03-03 18:42:39] SYNTH en_US-kusal-medium using en_US-kusal-medium.onnx
[2026-03-03 18:42:43] SYNTH_OUT en_US-kusal-medium: rc=0 len=0
[2026-03-03 18:42:44] DOWNLOAD en_US-l2arctic-medium
[2026-03-03 18:42:49] DOWNLOAD_OUT en_US-l2arctic-medium: rc=0 len=48
[2026-03-03 18:42:49] SYNTH en_US-l2arctic-medium using en_US-l2arctic-medium.onnx
[2026-03-03 18:42:53] SYNTH_OUT en_US-l2arctic-medium: rc=0 len=0
[2026-03-03 18:42:54] DOWNLOAD en_US-lessac-high
[2026-03-03 18:42:59] DOWNLOAD_OUT en_US-lessac-high: rc=0 len=44
[2026-03-03 18:42:59] SYNTH en_US-lessac-high using en_US-lessac-high.onnx
[2026-03-03 18:43:05] SYNTH_OUT en_US-lessac-high: rc=0 len=0
[2026-03-03 18:43:06] DOWNLOAD en_US-lessac-low
[2026-03-03 18:43:11] DOWNLOAD_OUT en_US-lessac-low: rc=0 len=43
[2026-03-03 18:43:11] SYNTH en_US-lessac-low using en_US-lessac-low.onnx
[2026-03-03 18:43:14] SYNTH_OUT en_US-lessac-low: rc=0 len=0
[2026-03-03 18:43:14] DOWNLOAD en_US-lessac-medium
[2026-03-03 18:43:20] DOWNLOAD_OUT en_US-lessac-medium: rc=0 len=46
[2026-03-03 18:43:20] SYNTH en_US-lessac-medium using en_US-lessac-medium.onnx
[2026-03-03 18:43:23] SYNTH_OUT en_US-lessac-medium: rc=0 len=0
[2026-03-03 18:43:24] DOWNLOAD en_US-libritts-high
[2026-03-03 18:43:30] DOWNLOAD_OUT en_US-libritts-high: rc=0 len=46
[2026-03-03 18:43:30] SYNTH en_US-libritts-high using en_US-libritts-high.onnx
[2026-03-03 18:43:35] SYNTH_OUT en_US-libritts-high: rc=0 len=0
[2026-03-03 18:43:36] DOWNLOAD en_US-libritts_r-medium
[2026-03-03 18:43:42] DOWNLOAD_OUT en_US-libritts_r-medium: rc=0 len=50
[2026-03-03 18:43:42] SYNTH en_US-libritts_r-medium using en_US-libritts_r-medium.onnx
[2026-03-03 18:43:45] SYNTH_OUT en_US-libritts_r-medium: rc=0 len=0
[2026-03-03 18:43:45] DOWNLOAD en_US-ljspeech-high
[2026-03-03 18:43:51] DOWNLOAD_OUT en_US-ljspeech-high: rc=0 len=46
[2026-03-03 18:43:51] SYNTH en_US-ljspeech-high using en_US-ljspeech-high.onnx
[2026-03-03 18:43:57] SYNTH_OUT en_US-ljspeech-high: rc=0 len=0
[2026-03-03 18:43:58] DOWNLOAD en_US-ljspeech-medium
[2026-03-03 18:44:02] DOWNLOAD_OUT en_US-ljspeech-medium: rc=0 len=48
[2026-03-03 18:44:02] SYNTH en_US-ljspeech-medium using en_US-ljspeech-medium.onnx
[2026-03-03 18:44:06] SYNTH_OUT en_US-ljspeech-medium: rc=0 len=0
[2026-03-03 18:44:07] DOWNLOAD en_US-norman-medium
[2026-03-03 18:44:11] DOWNLOAD_OUT en_US-norman-medium: rc=0 len=46
[2026-03-03 18:44:11] SYNTH en_US-norman-medium using en_US-norman-medium.onnx
[2026-03-03 18:44:15] SYNTH_OUT en_US-norman-medium: rc=0 len=0
[2026-03-03 18:44:16] DOWNLOAD en_US-reza_ibrahim-medium
[2026-03-03 18:44:20] DOWNLOAD_OUT en_US-reza_ibrahim-medium: rc=0 len=52
[2026-03-03 18:44:20] SYNTH en_US-reza_ibrahim-medium using en_US-reza_ibrahim-medium.onnx
[2026-03-03 18:44:24] SYNTH_OUT en_US-reza_ibrahim-medium: rc=0 len=0
[2026-03-03 18:44:25] DOWNLOAD en_US-ryan-high
[2026-03-03 18:44:31] DOWNLOAD_OUT en_US-ryan-high: rc=0 len=42
[2026-03-03 18:44:31] SYNTH en_US-ryan-high using en_US-ryan-high.onnx
[2026-03-03 18:44:35] SYNTH_OUT en_US-ryan-high: rc=0 len=0
[2026-03-03 18:44:36] DOWNLOAD en_US-ryan-low
[2026-03-03 18:44:40] DOWNLOAD_OUT en_US-ryan-low: rc=0 len=41
[2026-03-03 18:44:40] SYNTH en_US-ryan-low using en_US-ryan-low.onnx
[2026-03-03 18:44:43] SYNTH_OUT en_US-ryan-low: rc=0 len=0
[2026-03-03 18:44:44] DOWNLOAD en_US-ryan-medium
[2026-03-03 18:44:47] DOWNLOAD_OUT en_US-ryan-medium: rc=0 len=44
[2026-03-03 18:44:47] SYNTH en_US-ryan-medium using en_US-ryan-medium.onnx
[2026-03-03 18:44:51] SYNTH_OUT en_US-ryan-medium: rc=0 len=0
[2026-03-03 18:44:51] DOWNLOAD en_US-sam-medium
[2026-03-03 18:44:57] DOWNLOAD_OUT en_US-sam-medium: rc=0 len=43
[2026-03-03 18:44:57] SYNTH en_US-sam-medium using en_US-sam-medium.onnx
[2026-03-03 18:45:00] SYNTH_OUT en_US-sam-medium: rc=0 len=0
[2026-03-03 18:45:01] COMPLETE en_US batch
