======================================================
  Git Going with GitHub - Single-Speaker Podcast Gen
======================================================
  Episodes found: 9
  Voices: Alex = Schedar (Schedar), Jamie = Aoede (Aoede)
  Mode: Single-speaker per turn (deterministic voice locking)
  API: Vertex AI (us-central1) | Project: gen-lang-client-0566982255
  Output: S:\code\git-going-with-github\podcasts\audio

  Skipping 8 already-generated episode(s):
    - ep00-welcome.wav
    - ep01-pre-workshop-setup.wav
    - ep02-github-web-structure.wav
    - ep03-navigating-repositories.wav
    - ep04-the-learning-room.wav
    - ep05-working-with-issues.wav
    - ep06-working-with-pull-requests.wav
    - ep07-merge-conflicts.wav

  Generating 1 episode(s)...
======================================================

[Episode 1/1] ep08-culture-and-etiquette.txt
  Turns: 64 (31 split) => 95 API calls | Pauses: 5 | Mode: single-speaker per turn
    [1/100] Alex (Schedar) "Welcome to Gitt Going with GitHub. This is Episode..." OK (21.7s)
    [2/100] Alex (Schedar) "But today, we are focusing on the human side of op..." OK (5.9s)
    [3/100] Jamie (Aoede) "Hi everyone, Jamie here. And I have to admit, this..." OK (9.8s)
    [4/100] Jamie (Aoede) "The terminal commands were tricky, sure, but the i..." OK (16.5s)
    [5/100] Alex (Schedar) "That is such a common feeling, Jamie. And it makes..." OK (18.0s)
    [6/100] Alex (Schedar) "It is like walking into a crowded room where every..." OK (16.0s)
    [7/100] Jamie (Aoede) "I love that. Where do we start?..." OK (2.5s)
    [8/100] Alex (Schedar) "Let us start with the nature of the communication ..." OK (15.8s)
    [9/100] Alex (Schedar) "Because we communicate entirely in writing, we hav..." OK (9.9s)
    [10/100] Jamie (Aoede) "Right. There is no tone of voice, no body language..." OK (18.5s)
    [11/100] Jamie (Aoede) "" But in text, that period makes it feel incredibl..." OK (8.9s)
    [12/100] Alex (Schedar) "Exactly. A message that sounds perfectly neutral o..." OK (16.3s)
    [13/100] Alex (Schedar) "The unwritten rule here is to be relentlessly expl..." OK (16.5s)
    [14/100] Jamie (Aoede) "And because it is asynchronous, you are not having..." OK (16.0s)
    [15/100] Alex (Schedar) "Precisely. Comments are not instant messages. You ..." OK (21.2s)
    [16/100] Alex (Schedar) "" Explain what you fixed and how, because the pers..." OK (11.5s)
    [17/100] Alex (Schedar) "Write as if your most supportive mentor and your m..." OK (16.8s)
    [18/100] PAUSE (1.5s)
    [19/100] Alex (Schedar) "Now that we understand the environment, let us tal..." OK (15.9s)
    [20/100] Jamie (Aoede) "An issue is basically a ticket. It is how you repo..." OK (9.8s)
    [21/100] Alex (Schedar) "Perfect. And writing a good issue description come..." OK (20.8s)
    [22/100] Alex (Schedar) "But if you say, "When I am driving over forty mile..." OK (13.5s)
    [23/100] Jamie (Aoede) "That makes so much sense. So for a software bug, c..." OK (13.8s)
    [24/100] Alex (Schedar) "Exactly. Then you list the exact steps to reproduc..." OK (18.1s)
    [25/100] Jamie (Aoede) "And then the expected versus actual behavior. So I..." OK (16.1s)
    [26/100] Alex (Schedar) "You nailed it. That level of detail saves the proj..." OK (15.3s)
    [27/100] Jamie (Aoede) "Okay, so that is issues. What about writing a good..." OK (9.9s)
    [28/100] Alex (Schedar) "Yes. A pull request, and I love that name because ..." OK (14.5s)
    [29/100] Alex (Schedar) "A good PR description needs to answer three questi..." OK (10.0s)
    [30/100] Jamie (Aoede) "I remember my very first PR. I fixed a typo in a d..." OK (11.1s)
    [31/100] Alex (Schedar) "It is a common mistake! But remember, the maintain..." OK (14.1s)
    [32/100] Alex (Schedar) "Why: The command to install the package was missin..." OK (12.9s)
    [33/100] Jamie (Aoede) "That is so much better. It is like handing over yo..." OK (15.5s)
    [34/100] Alex (Schedar) "That is a brilliant analogy. And here is a quick t..." OK (17.0s)
    [35/100] Alex (Schedar) "You can save text snippets and insert them into an..." OK (16.1s)
    [36/100] Alex (Schedar) "It is a huge accessibility win to avoid retyping s..." OK (6.5s)
    [37/100] PAUSE (1.5s)
    [38/100] Jamie (Aoede) "Okay, so we know how to write issues and pull requ..." OK (16.4s)
    [39/100] Alex (Schedar) "The Code of Conduct is essentially the social cont..." OK (13.9s)
    [40/100] Alex (Schedar) "It exists to protect contributors, especially thos..." OK (18.5s)
    [41/100] Jamie (Aoede) "It is reassuring to know it is there. And I imagin..." OK (12.3s)
    [42/100] Alex (Schedar) "Open source is global. You are collaborating with ..." OK (16.8s)
    [43/100] Alex (Schedar) "For example, using words like "crazy" or "insane" ..." OK (14.0s)
    [44/100] Jamie (Aoede) "Oh, I have another example! When I was starting ou..." OK (18.1s)
    [45/100] Alex (Schedar) "Yes! Words like "obviously", "simply", or "just" a..." RETRY (No audio in response)
OK (22.9s)
    [46/100] Alex (Schedar) "" It is cleaner and kinder...." OK (2.9s)
    [47/100] Jamie (Aoede) "Another thing I learned is to focus on the code, n..." OK (13.7s)
    [48/100] Alex (Schedar) "Exactly. Preferring the word "we" is also a great ..." OK (20.5s)
    [49/100] Alex (Schedar) "Do not generalize and say, "This website is comple..." OK (8.4s)
    [50/100] Alex (Schedar) "Frame it as, "Because the submit button lacks an a..." CLIPPED (rms=1615), retrying...
OK (25.9s)
    [51/100] PAUSE (1.5s)
    [52/100] Jamie (Aoede) "Let us move on to the part of open source that use..." OK (17.8s)
    [53/100] Alex (Schedar) "Let us start with giving code review feedback. The..." OK (18.9s)
    [54/100] Jamie (Aoede) "I have my notes ready. What are the five steps?..." OK (4.0s)
    [55/100] Alex (Schedar) "Step one: Acknowledge what is working. Before iden..." RETRY (No audio in response)
OK (23.9s)
    [56/100] Alex (Schedar) "Context turns a complaint into a lesson...." OK (4.3s)
    [57/100] Jamie (Aoede) "Okay, so if I say, "This button has no accessible ..." OK (16.4s)
    [58/100] Alex (Schedar) "Exactly. Step four is: Suggest a path forward. Off..." OK (22.5s)
    [59/100] Jamie (Aoede) "I see the word "nit" used a lot in reviews. Like N..." OK (6.4s)
    [60/100] Alex (Schedar) ""Nit" is short for nitpick. It is a way of saying,..." OK (13.0s)
    [61/100] Jamie (Aoede) "Let us try an exercise. I am going to give you a h..." OK (11.7s)
    [62/100] Alex (Schedar) "Oh, that is a rough one. Okay, here is how I would..." OK (18.8s)
    [63/100] Alex (Schedar) "Screen reader users will hear the filename instead..." OK (13.1s)
    [64/100] Jamie (Aoede) "Wow. If I received the first comment, I would want..." OK (12.3s)
    [65/100] Alex (Schedar) "That is the power of good communication. Now, let ..." OK (12.3s)
    [66/100] Jamie (Aoede) "This was so hard for me! When I got my first PR re..." OK (15.9s)
    [67/100] Alex (Schedar) "That is imposter syndrome talking. Code review is ..." OK (20.2s)
    [68/100] Alex (Schedar) "When you receive feedback, take a breath. Look for..." OK (14.4s)
    [69/100] Jamie (Aoede) "What if I disagree with the feedback? What if they..." OK (9.6s)
    [70/100] Alex (Schedar) "That is a great question. You need to know how to ..." OK (20.4s)
    [71/100] Alex (Schedar) "Let me know if you think that tradeoff is wrong." ..." OK (5.7s)
    [72/100] Jamie (Aoede) "And if they still say no?..." OK (2.1s)
    [73/100] Alex (Schedar) "Then you have to accept that the maintainer has th..." OK (20.7s)
    [74/100] PAUSE (1.5s)
    [75/100] Jamie (Aoede) "Speaking of maintainers, I think it is important t..." RETRY (No audio in response)
RETRY (No audio in response)
FAILED: No audio in response
    [76/100] Alex (Schedar) "That is a very common misconception. The reality i..." RETRY (No audio in response)
RETRY (No audio in response)
OK (18.9s)
    [77/100] Alex (Schedar) "Understanding that maintainers are volunteers with..." OK (7.7s)
    [78/100] Jamie (Aoede) "Right. It means practicing patience with response ..." OK (12.5s)
    [79/100] Alex (Schedar) "Exactly. Think of it like a community garden. The ..." OK (16.4s)
    [80/100] Alex (Schedar) "If you have been waiting a week or two for a revie..." OK (12.1s)
    [81/100] Jamie (Aoede) "What about asking questions? If I am trying to fix..." OK (10.3s)
    [82/100] Alex (Schedar) "You should always feel empowered to ask questions...." OK (17.5s)
    [83/100] Alex (Schedar) "I searched the repository for the correct URL, but..." OK (16.1s)
    [84/100] Jamie (Aoede) "I like that. And I want to mention something calle..." OK (12.9s)
    [85/100] Alex (Schedar) "Yes, and those labels are fantastic. When a mainta..." OK (17.7s)
    [86/100] Alex (Schedar) "Can I be assigned?"..." OK (1.9s)
    [87/100] Jamie (Aoede) "And then you wait for assignment! Do not just star..." OK (18.8s)
    [88/100] Alex (Schedar) "That is professional etiquette at its finest. One ..." OK (22.3s)
    [89/100] Alex (Schedar) "If an AI drafts a triage reply or a code review fo..." OK (18.8s)
    [90/100] Alex (Schedar) "Ensure the tone is kind, the language is inclusive..." OK (4.9s)
    [91/100] PAUSE (1.5s)
    [92/100] Jamie (Aoede) "This has been such a great conversation, Alex. I f..." OK (9.7s)
    [93/100] Alex (Schedar) "I would boil it down to four concrete takeaways. F..." OK (16.2s)
    [94/100] Alex (Schedar) "Second, when reviewing code, be kind and focus on ..." OK (15.5s)
    [95/100] Jamie (Aoede) "Third, do not take feedback personally. Everyone g..." OK (15.5s)
    [96/100] Jamie (Aoede) "Be patient with response times, assume good intent..." OK (7.1s)
    [97/100] Alex (Schedar) "Beautifully summarized, Jamie. Taking the time to ..." OK (13.9s)
    [98/100] Alex (Schedar) "In our next episode, we will dive into project man..." OK (16.2s)
    [99/100] Jamie (Aoede) "I am looking forward to it. Until next time, happy..." OK (6.6s)
    [100/100] Alex (Schedar) "Keep building, and we will catch you in the next e..." OK (6.3s)
  Combining 163 segment files...
  Segments saved to: S:\code\git-going-with-github\podcasts\audio\segments\ep08-culture-and-etiquette
  => ep08-culture-and-etiquette.wav | 22.6 min | 62.04 MB | 1 failures | took 18m 5s
  Progress: 1/1 done | Elapsed: 18m 5s | Est. remaining: 0s

======================================================
  BATCH GENERATION COMPLETE
======================================================
  Episodes generated: 1
  Total API calls: 96 (single-speaker per turn)
  Total audio: 22.6 min (~0.4 hours)
  Total file size: 62.0 MB
  Total failures: 1
  Wall clock time: 18m 5s

  Per-episode breakdown:
    ep08-culture-and-etiquette.wav: 22.6 min, 62.04 MB, 96 calls [1 FAILED]
======================================================
