======================================================
  Git Going with GitHub - Single-Speaker Podcast Gen
======================================================
  Episodes found: 10
  Voices: Alex = Schedar (Schedar), Jamie = Aoede (Aoede)
  Mode: Single-speaker per turn (deterministic voice locking)
  API: Vertex AI (us-central1) | Project: gen-lang-client-0566982255
  Output: S:\code\git-going-with-github\podcasts\audio

  Skipping 9 already-generated episode(s):
    - ep00-welcome.wav
    - ep01-pre-workshop-setup.wav
    - ep02-github-web-structure.wav
    - ep03-navigating-repositories.wav
    - ep04-the-learning-room.wav
    - ep05-working-with-issues.wav
    - ep06-working-with-pull-requests.wav
    - ep07-merge-conflicts.wav
    - ep08-culture-and-etiquette.wav

  Generating 1 episode(s)...
======================================================

[Episode 1/1] ep09-labels-milestones-projects.txt
  Turns: 74 (30 split) => 104 API calls | Pauses: 4 | Mode: single-speaker per turn
    [1/108] Alex (Schedar) "Welcome to Gitt Going with GitHub. This is episode..." OK (9.2s)
    [2/108] Jamie (Aoede) "Hello everyone. If you have been following along, ..." OK (21.3s)
    [3/108] Jamie (Aoede) "How do you keep track of it all?..." OK (2.0s)
    [4/108] Alex (Schedar) "That is exactly what we are focusing on today. Lab..." OK (17.0s)
    [5/108] Alex (Schedar) "By the end of this episode, you will understand ho..." OK (9.3s)
    [6/108] Jamie (Aoede) "I remember the first time I landed on a popular op..." OK (19.6s)
    [7/108] Alex (Schedar) "It is a very common experience. And that is why th..." OK (19.6s)
    [8/108] Alex (Schedar) "They communicate at a glance what category, priori..." OK (7.4s)
    [9/108] Jamie (Aoede) "And just to be clear, GitHub provides a standard s..." OK (7.8s)
    [10/108] Alex (Schedar) "Yes, they do. When you start a new project, GitHub..." OK (15.9s)
    [11/108] Alex (Schedar) "There is documentation, for changes that only affe..." OK (7.0s)
    [12/108] Jamie (Aoede) "My personal favorite when I was starting out was t..." OK (16.1s)
    [13/108] Alex (Schedar) "Absolutely. There is also help wanted, which means..." OK (16.3s)
    [14/108] Jamie (Aoede) "So how does a screen reader actually handle these?..." OK (18.1s)
    [15/108] Alex (Schedar) "Not at all. The color is strictly supplementary vi..." OK (11.8s)
    [16/108] Alex (Schedar) "You will hear something like, Issue forty two, Add..." OK (12.8s)
    [17/108] Jamie (Aoede) "That is a relief. So, if I want to see every label..." OK (7.9s)
    [18/108] Alex (Schedar) "You will want to navigate to the Labels page. From..." OK (14.4s)
    [19/108] Alex (Schedar) "For screen reader users, the quickest way is to pr..." OK (15.3s)
    [20/108] Alex (Schedar) "When you activate that link, you land on a page th..." OK (9.1s)
    [21/108] Jamie (Aoede) "And if you prefer the command line, you can do thi..." OK (17.5s)
    [22/108] Jamie (Aoede) "I use that all the time to quickly check if a repo..." OK (6.4s)
    [23/108] Alex (Schedar) "That is a great tip. Now, let us talk about how yo..." OK (14.4s)
    [24/108] Jamie (Aoede) "This was tricky for me at first because the label ..." OK (10.7s)
    [25/108] Alex (Schedar) "Exactly. When you have an issue open, you need to ..." OK (16.7s)
    [26/108] Alex (Schedar) "Right after that heading, there is a gear button, ..." OK (6.8s)
    [27/108] Jamie (Aoede) "And when you activate that gear button, a dropdown..." OK (14.5s)
    [28/108] Alex (Schedar) "You can also just start typing when that dropdown ..." OK (18.7s)
    [29/108] Jamie (Aoede) "And again, for my fellow terminal fans, the GitHub..." OK (21.1s)
    [30/108] Jamie (Aoede) "You can even add multiple labels at once by separa..." OK (5.0s)
    [31/108] Alex (Schedar) "So now that we have labels on our issues, the real..." OK (18.0s)
    [32/108] Jamie (Aoede) "Right. To do that, you navigate to the filter bar ..." OK (19.7s)
    [33/108] Jamie (Aoede) "All you have to do is add a space, and then type l..." OK (21.0s)
    [34/108] Alex (Schedar) "You can combine these too. You could type label co..." OK (15.7s)
    [35/108] Jamie (Aoede) "What if the default labels are not enough? In the ..." OK (13.0s)
    [36/108] Alex (Schedar) "Yes, as long as you have write access to the repos..." OK (20.9s)
    [37/108] Alex (Schedar) "Second is the description, where you might type, w..." OK (6.7s)
    [38/108] Jamie (Aoede) "And the third field is the color, right? How does ..." OK (4.9s)
    [39/108] Alex (Schedar) "The color field will usually auto populate with a ..." OK (15.8s)
    [40/108] Alex (Schedar) "The name and the description are what make the lab..." OK (15.3s)
    [41/108] PAUSE (1.5s)
    [42/108] Jamie (Aoede) "Okay, so labels help us categorize what an issue i..." OK (16.4s)
    [43/108] Alex (Schedar) "Exactly. If labels answer the question of what, mi..." OK (12.5s)
    [44/108] Jamie (Aoede) "I like to think of a milestone as a shipping conta..." OK (18.8s)
    [45/108] Jamie (Aoede) "In software development, this usually represents a..." OK (9.3s)
    [46/108] Alex (Schedar) "That is a perfect analogy. A milestone has a title..." OK (18.7s)
    [47/108] Jamie (Aoede) "When you are on the issues page, you can press the..." OK (17.2s)
    [48/108] Jamie (Aoede) "You will hear something like, Hackathon Day 1 Deli..." OK (5.4s)
    [49/108] Alex (Schedar) "It is very efficient. If you press Enter on a mile..." OK (19.7s)
    [50/108] Jamie (Aoede) "So how do we actually put an issue into that shipp..." OK (6.5s)
    [51/108] Alex (Schedar) "The workflow is almost identical to applying a lab..." OK (16.4s)
    [52/108] Alex (Schedar) "You activate it, use your arrow keys to select the..." OK (8.0s)
    [53/108] Jamie (Aoede) "I am guessing there is a command line equivalent f..." OK (4.2s)
    [54/108] Alex (Schedar) "There is. You can use g h space issue space edit s..." OK (19.3s)
    [55/108] Alex (Schedar) "While you can easily assign issues to a milestone ..." OK (19.7s)
    [56/108] Jamie (Aoede) "Good to know. So let us talk about creating a new ..." OK (11.3s)
    [57/108] Alex (Schedar) "Yes, it does. To create a milestone, you navigate ..." OK (15.6s)
    [58/108] Jamie (Aoede) "And date pickers on the web are notoriously frustr..." OK (11.5s)
    [59/108] Alex (Schedar) "Exactly. GitHub provides a calendar widget, but my..." OK (18.4s)
    [60/108] Alex (Schedar) "Type the four digit year, a dash, the two digit mo..." OK (25.3s)
    [61/108] PAUSE (1.5s)
    [62/108] Jamie (Aoede) "Alright, we have covered labels for categorization..." OK (15.9s)
    [63/108] Jamie (Aoede) "What if I want to see who is working on what, what..." OK (7.4s)
    [64/108] Alex (Schedar) "For that, you need GitHub Projects. GitHub Project..." OK (17.7s)
    [65/108] Jamie (Aoede) "And it is important to note that we are talking ab..." OK (11.9s)
    [66/108] Jamie (Aoede) "But the current version of Projects is incredibly ..." OK (12.8s)
    [67/108] Alex (Schedar) "That cross repository tracking is huge. Imagine yo..." OK (14.7s)
    [68/108] Alex (Schedar) "You can set it up so that any issue created in any..." CLIPPED (rms=778), retrying...
OK (14.4s)
    [69/108] Jamie (Aoede) "That sounds amazing. But how do we actually read a..." OK (12.8s)
    [70/108] Alex (Schedar) "That is a very valid concern. GitHub Projects supp..." OK (16.9s)
    [71/108] Jamie (Aoede) "Table view is my absolute favorite. It basically t..." OK (16.5s)
    [72/108] Alex (Schedar) "The Table view is highly optimized for keyboard na..." OK (15.9s)
    [73/108] Alex (Schedar) "You can press Control plus Alt plus Down Arrow to ..." OK (29.0s)
    [74/108] Jamie (Aoede) "So as I arrow across a row, my screen reader will ..." OK (16.5s)
    [75/108] Jamie (Aoede) "And if I want to change the status, I just press S..." OK (7.4s)
    [76/108] Alex (Schedar) "Exactly. It is essentially a fully accessible spre..." OK (21.1s)
    [77/108] Jamie (Aoede) "This is where sighted users usually drag and drop ..." OK (14.9s)
    [78/108] Alex (Schedar) "GitHub has made this very straightforward. You do ..." OK (19.1s)
    [79/108] Alex (Schedar) "Once you are in a column, you press the number 3 t..." OK (10.0s)
    [80/108] Jamie (Aoede) "And when I find the card I want to move?..." OK (3.7s)
    [81/108] Alex (Schedar) "You just press Enter on the card. This opens a det..." OK (19.8s)
    [82/108] Alex (Schedar) "You are updating the underlying data, and the visu..." OK (7.1s)
    [83/108] Jamie (Aoede) "That is so much easier than trying to simulate a m..." OK (11.0s)
    [84/108] Alex (Schedar) "The Roadmap view is a timeline, often called a Gan..." OK (16.4s)
    [85/108] Jamie (Aoede) "To be honest, I rarely use the Roadmap view. Becau..." OK (17.9s)
    [86/108] Alex (Schedar) "That is exactly the right approach. Treat the Road..." OK (10.5s)
    [87/108] PAUSE (1.5s)
    [88/108] Jamie (Aoede) "So, how do I actually get my issues into this proj..." OK (12.0s)
    [89/108] Alex (Schedar) "You have two ways to do this. The first is from th..." OK (18.8s)
    [90/108] Jamie (Aoede) "And the second way?..." OK (2.3s)
    [91/108] Alex (Schedar) "The second way is from inside the project board it..." OK (21.5s)
    [92/108] Alex (Schedar) "A search dropdown appears, you select your issue, ..." OK (5.7s)
    [93/108] Jamie (Aoede) "I want to pause here and talk about how all three ..." OK (15.5s)
    [94/108] Alex (Schedar) "That is a great question, and it is the key to mas..." OK (19.9s)
    [95/108] Alex (Schedar) "They describe when the work must be finished. It i..." OK (15.7s)
    [96/108] Jamie (Aoede) "Oh, that is a great way to put it. And when you co..." OK (16.1s)
    [97/108] Jamie (Aoede) "Suddenly, a chaotic repository becomes a highly fo..." OK (5.5s)
    [98/108] Alex (Schedar) "Exactly. And this is going to become critically im..." OK (15.4s)
    [99/108] Alex (Schedar) "If you do not apply labels properly, the automated..." OK (14.0s)
    [100/108] PAUSE (1.5s)
    [101/108] Jamie (Aoede) "This has been incredibly helpful. I feel like I fi..." OK (11.0s)
    [102/108] Alex (Schedar) "It really is the secret to scaling collaboration. ..." OK (20.9s)
    [103/108] Jamie (Aoede) "Second, milestones group issues together toward a ..." OK (15.9s)
    [104/108] Alex (Schedar) "Third, GitHub Projects act as a central hub, pulli..." OK (19.2s)
    [105/108] Jamie (Aoede) "And finally, do not try to drag and drop cards in ..." OK (11.7s)
    [106/108] Alex (Schedar) "Perfectly summarized. Now that you know how to org..." OK (14.2s)
    [107/108] Alex (Schedar) "We will show you how to tame your inbox, filter th..." OK (7.1s)
    [108/108] Jamie (Aoede) "I cannot wait for that one. My inbox is currently ..." OK (13.7s)
  Combining 183 segment files...
  Segments saved to: S:\code\git-going-with-github\podcasts\audio\segments\ep09-labels-milestones-projects
  => ep09-labels-milestones-projects.wav | 24.9 min | 68.43 MB | 0 failures | took 17m 36s
  Progress: 1/1 done | Elapsed: 17m 36s | Est. remaining: 0s

======================================================
  BATCH GENERATION COMPLETE
======================================================
  Episodes generated: 1
  Total API calls: 105 (single-speaker per turn)
  Total audio: 24.9 min (~0.4 hours)
  Total file size: 68.4 MB
  Total failures: 0
  Wall clock time: 17m 36s

  Per-episode breakdown:
    ep09-labels-milestones-projects.wav: 24.9 min, 68.43 MB, 105 calls
======================================================
