======================================================
  Git Going with GitHub - Single-Speaker Podcast Gen
======================================================
  Episodes found: 11
  Voices: Alex = Schedar (Schedar), Jamie = Aoede (Aoede)
  Mode: Single-speaker per turn (deterministic voice locking)
  API: Vertex AI (us-central1) | Project: gen-lang-client-0566982255
  Output: S:\code\git-going-with-github\podcasts\audio

  Skipping 10 already-generated episode(s):
    - ep00-welcome.wav
    - ep01-pre-workshop-setup.wav
    - ep02-github-web-structure.wav
    - ep03-navigating-repositories.wav
    - ep04-the-learning-room.wav
    - ep05-working-with-issues.wav
    - ep06-working-with-pull-requests.wav
    - ep07-merge-conflicts.wav
    - ep08-culture-and-etiquette.wav
    - ep09-labels-milestones-projects.wav

  Generating 1 episode(s)...
======================================================

[Episode 1/1] ep10-notifications.txt
  Turns: 90 (22 split) => 112 API calls | Pauses: 7 | Mode: single-speaker per turn
    [1/119] Alex (Schedar) "Welcome to Gitt Going with GitHub. This is episode..." OK (16.8s)
    [2/119] Jamie (Aoede) "And I am Jamie. I am a blind developer who is stil..." OK (15.2s)
    [3/119] Jamie (Aoede) "Just the word makes me think of my phone buzzing n..." OK (2.1s)
